-------------------------------------------------------------------------------
Test set: TestingStudentClass.TestStudentClass
-------------------------------------------------------------------------------
Tests run: 2, Failures: 1, Errors: 0, Skipped: 0, Time elapsed: 0.137 s <<< FAILURE! -- in TestingStudentClass.TestStudentClass
TestingStudentClass.TestStudentClass.testCalculateFinalAvg -- Time elapsed: 0.062 s <<< FAILURE!
org.opentest4j.AssertionFailedError: expected: <61> but was: <63>
	at org.junit.jupiter.api.AssertionFailureBuilder.build(AssertionFailureBuilder.java:151)
	at org.junit.jupiter.api.AssertionFailureBuilder.buildAndThrow(AssertionFailureBuilder.java:132)
	at org.junit.jupiter.api.AssertEquals.failNotEqual(AssertEquals.java:197)
	at org.junit.jupiter.api.AssertEquals.assertEquals(AssertEquals.java:150)
	at org.junit.jupiter.api.AssertEquals.assertEquals(AssertEquals.java:145)
	at org.junit.jupiter.api.Assertions.assertEquals(Assertions.java:531)
	at TestingStudentClass.TestStudentClass.testCalculateFinalAvg(TestStudentClass.java:24)
	at java.base/java.lang.reflect.Method.invoke(Method.java:565)
	at java.base/java.util.ArrayList.forEach(ArrayList.java:1612)
	at java.base/java.util.ArrayList.forEach(ArrayList.java:1612)

